c:\users\-\documents\visual studio 2013\projects\assignment1\assignment1\debug\vc120.pdb
c:\users\-\documents\visual studio 2013\projects\assignment1\assignment1\debug\vc120.idb
c:\users\-\documents\visual studio 2013\projects\assignment1\assignment1\debug\dweller.obj
c:\users\-\documents\visual studio 2013\projects\assignment1\assignment1\debug\gameobject.obj
c:\users\-\documents\visual studio 2013\projects\assignment1\assignment1\debug\item.obj
c:\users\-\documents\visual studio 2013\projects\assignment1\assignment1\debug\main.obj
c:\users\-\documents\visual studio 2013\projects\assignment1\assignment1\debug\outfit.obj
c:\users\-\documents\visual studio 2013\projects\assignment1\assignment1\debug\vec2d.obj
c:\users\-\documents\visual studio 2013\projects\assignment1\assignment1\debug\weapon.obj
c:\users\-\documents\visual studio 2013\projects\assignment1\debug\assignment1.pdb
c:\users\-\documents\visual studio 2013\projects\assignment1\assignment1\debug\assignment1.tlog\cl.command.1.tlog
c:\users\-\documents\visual studio 2013\projects\assignment1\assignment1\debug\assignment1.tlog\cl.read.1.tlog
c:\users\-\documents\visual studio 2013\projects\assignment1\assignment1\debug\assignment1.tlog\cl.write.1.tlog
c:\users\-\documents\visual studio 2013\projects\assignment1\assignment1\debug\assignment1.tlog\link-cvtres.read.1.tlog
c:\users\-\documents\visual studio 2013\projects\assignment1\assignment1\debug\assignment1.tlog\link-cvtres.write.1.tlog
c:\users\-\documents\visual studio 2013\projects\assignment1\assignment1\debug\assignment1.tlog\link-rc.read.1.tlog
c:\users\-\documents\visual studio 2013\projects\assignment1\assignment1\debug\assignment1.tlog\link-rc.write.1.tlog
c:\users\-\documents\visual studio 2013\projects\assignment1\assignment1\debug\assignment1.tlog\link.command.1.tlog
c:\users\-\documents\visual studio 2013\projects\assignment1\assignment1\debug\assignment1.tlog\link.read.1.tlog
c:\users\-\documents\visual studio 2013\projects\assignment1\assignment1\debug\assignment1.tlog\link.write.1.tlog
